Running: C:\Xilinx\14.7\ISE_DS\ISE\bin\nt\unwrapped\fuse.exe -intstyle ise -incremental -lib unisims_ver -lib unimacro_ver -lib xilinxcorelib_ver -o C:/Users/student/adunareBiti/fintest_isim_beh.exe -prj C:/Users/student/adunareBiti/fintest_beh.prj work.fintest work.glbl 
ISim P.20131013 (signature 0x8ef4fb42)
Number of CPUs detected in this system: 4
Turning on mult-threading, number of parallel sub-compilation jobs: 8 
Determining compilation order of HDL files
Analyzing Verilog file "C:/Users/student/adunareBiti/aduna.v" into library work
Analyzing Verilog file "C:/Users/student/adunareBiti/final.v" into library work
Analyzing Verilog file "C:/Users/student/adunareBiti/fintest.v" into library work
Analyzing Verilog file "C:/Xilinx/14.7/ISE_DS/ISE//verilog/src/glbl.v" into library work
Starting static elaboration
Completed static elaboration
Fuse Memory Usage: 101832 KB
Fuse CPU Usage: 170 ms
Compiling module aduna
Compiling module final
Compiling module fintest
Compiling module glbl
Time Resolution for simulation is 1ps.
Waiting for 1 sub-compilation(s) to finish...
Compiled 4 Verilog Units
Built simulation executable C:/Users/student/adunareBiti/fintest_isim_beh.exe
Fuse Memory Usage: 106424 KB
Fuse CPU Usage: 202 ms
