Running: C:\Xilinx\14.7\ISE_DS\ISE\bin\nt\unwrapped\fuse.exe -intstyle ise -incremental -lib unisims_ver -lib unimacro_ver -lib xilinxcorelib_ver -lib secureip -o C:/Users/student/subs/testan_isim_beh.exe -prj C:/Users/student/subs/testan_beh.prj work.testan work.glbl 
ISim P.20131013 (signature 0x8ef4fb42)
Number of CPUs detected in this system: 4
Turning on mult-threading, number of parallel sub-compilation jobs: 8 
Determining compilation order of HDL files
Analyzing Verilog file "C:/Users/student/subs/subs.v" into library work
Analyzing Verilog file "C:/Users/student/subs/testan.v" into library work
Analyzing Verilog file "C:/Xilinx/14.7/ISE_DS/ISE//verilog/src/glbl.v" into library work
Starting static elaboration
Completed static elaboration
Fuse Memory Usage: 101576 KB
Fuse CPU Usage: 171 ms
Compiling module subs
Compiling module testan
Compiling module glbl
Time Resolution for simulation is 1ps.
Waiting for 1 sub-compilation(s) to finish...
Compiled 3 Verilog Units
Built simulation executable C:/Users/student/subs/testan_isim_beh.exe
Fuse Memory Usage: 106168 KB
Fuse CPU Usage: 186 ms
