Running: C:\Xilinx\14.7\ISE_DS\ISE\bin\nt\unwrapped\fuse.exe -intstyle ise -incremental -lib unisims_ver -lib unimacro_ver -lib xilinxcorelib_ver -o C:/Users/student/Downloads/BCD/carry_isim_beh.exe -prj C:/Users/student/Downloads/BCD/carry_beh.prj work.carry work.glbl 
ISim P.20131013 (signature 0x8ef4fb42)
Number of CPUs detected in this system: 4
Turning on mult-threading, number of parallel sub-compilation jobs: 8 
Determining compilation order of HDL files
Analyzing Verilog file "C:/Users/student/Downloads/BCD/sum.v" into library work
Analyzing Verilog file "C:/Users/student/Downloads/BCD/carry.v" into library work
Analyzing Verilog file "C:/Xilinx/14.7/ISE_DS/ISE//verilog/src/glbl.v" into library work
Starting static elaboration
WARNING:HDLCompiler:189 - "C:/Users/student/Downloads/BCD/carry.v" Line 40: Size mismatch in connection of port <out>. Formal port size is 4-bit while actual signal size is 8-bit.
Completed static elaboration
Fuse Memory Usage: 102088 KB
Fuse CPU Usage: 218 ms
Compiling module sum
Compiling module carry
Compiling module glbl
Time Resolution for simulation is 1ps.
Waiting for 1 sub-compilation(s) to finish...
Compiled 3 Verilog Units
Built simulation executable C:/Users/student/Downloads/BCD/carry_isim_beh.exe
Fuse Memory Usage: 106680 KB
Fuse CPU Usage: 264 ms
